2018-08-12 00:52:24,808 [INFO] from application in play-dev-mode-akka.actor.default-dispatcher-4 - ApplicationTimer demo: Starting application at 2018-08-12T04:52:24.808909200Z
2018-08-12 00:52:25,269 [INFO] from play.api.http.EnabledFilters in play-dev-mode-akka.actor.default-dispatcher-4 - Enabled Filters (see <https://www.playframework.com/documentation/latest/Filters>):

    play.filters.csrf.CSRFFilter
    play.filters.headers.SecurityHeadersFilter
    play.filters.hosts.AllowedHostsFilter
    filters.ExampleFilter

2018-08-12 00:52:25,471 [INFO] from play.api.Play in play-dev-mode-akka.actor.default-dispatcher-4 - Application started (Dev)
2018-08-12 00:52:40,939 [ERROR] from akka.actor.OneForOneStrategy in application-akka.actor.default-dispatcher-2 - 429:Returned in API v1.1 when a request cannot be served due to the application's rate limit having been exhausted for the resource. See Rate Limiting in API v1.1.(https://dev.twitter.com/docs/rate-limiting/1.1)
message - Rate limit exceeded
code - 88

twitter4j.TwitterException: 429:Returned in API v1.1 when a request cannot be served due to the application's rate limit having been exhausted for the resource. See Rate Limiting in API v1.1.(https://dev.twitter.com/docs/rate-limiting/1.1)
message - Rate limit exceeded
code - 88

	at twitter4j.HttpClientImpl.handleRequest(HttpClientImpl.java:164)
	at twitter4j.HttpClientBase.request(HttpClientBase.java:57)
	at twitter4j.HttpClientBase.get(HttpClientBase.java:75)
	at twitter4j.TwitterImpl.get(TwitterImpl.java:1786)
	at twitter4j.TwitterImpl.search(TwitterImpl.java:255)
	at twitter.Twitter.get(Twitter.java:65)
	at actors.MyWebSocketActor.gettweets(MyWebSocketActor.java:141)
	at actors.MyWebSocketActor.sendTime(MyWebSocketActor.java:132)
	at akka.japi.pf.UnitCaseStatement.apply(CaseStatements.scala:26)
	at akka.japi.pf.UnitCaseStatement.apply(CaseStatements.scala:21)
	at scala.PartialFunction.applyOrElse(PartialFunction.scala:123)
	at scala.PartialFunction.applyOrElse$(PartialFunction.scala:122)
	at akka.japi.pf.UnitCaseStatement.applyOrElse(CaseStatements.scala:21)
	at scala.PartialFunction$OrElse.applyOrElse(PartialFunction.scala:171)
	at akka.actor.Actor.aroundReceive(Actor.scala:517)
	at akka.actor.Actor.aroundReceive$(Actor.scala:515)
	at akka.actor.AbstractActor.aroundReceive(AbstractActor.scala:132)
	at akka.actor.ActorCell.receiveMessage(ActorCell.scala:527)
	at akka.actor.ActorCell.invoke(ActorCell.scala:496)
	at akka.dispatch.Mailbox.processMailbox(Mailbox.scala:257)
	at akka.dispatch.Mailbox.run(Mailbox.scala:224)
	at akka.dispatch.Mailbox.exec(Mailbox.scala:234)
	at akka.dispatch.forkjoin.ForkJoinTask.doExec(ForkJoinTask.java:260)
	at akka.dispatch.forkjoin.ForkJoinPool$WorkQueue.runTask(ForkJoinPool.java:1339)
	at akka.dispatch.forkjoin.ForkJoinPool.runWorker(ForkJoinPool.java:1979)
	at akka.dispatch.forkjoin.ForkJoinWorkerThread.run(ForkJoinWorkerThread.java:107)
2018-08-12 00:54:07,298 [INFO] from application in application-akka.actor.default-dispatcher-8 - ApplicationTimer demo: Stopping application at 2018-08-12T04:54:07.298756300Z after 103s.
2018-08-12 00:54:07,490 [INFO] from application in play-dev-mode-akka.actor.default-dispatcher-3 - ApplicationTimer demo: Starting application at 2018-08-12T04:54:07.490910900Z
2018-08-12 00:54:07,662 [INFO] from play.api.http.EnabledFilters in play-dev-mode-akka.actor.default-dispatcher-3 - Enabled Filters (see <https://www.playframework.com/documentation/latest/Filters>):

    play.filters.csrf.CSRFFilter
    play.filters.headers.SecurityHeadersFilter
    play.filters.hosts.AllowedHostsFilter
    filters.ExampleFilter

2018-08-12 00:54:07,702 [INFO] from play.api.Play in play-dev-mode-akka.actor.default-dispatcher-3 - Application started (Dev)
2018-08-12 00:54:25,626 [ERROR] from application in application-akka.actor.default-dispatcher-3 - 

! @78pnko726 - Internal server error, for (GET) [/location/Appcss.css] ->
 
play.api.http.HttpErrorHandlerExceptions$$anon$1: Execution exception[[CompletionException: java.lang.NumberFormatException: For input string: "Appcss.css"]]
	at play.api.http.HttpErrorHandlerExceptions$.throwableToUsefulException(HttpErrorHandler.scala:255)
	at play.api.http.DefaultHttpErrorHandler.onServerError(HttpErrorHandler.scala:182)
	at play.core.server.AkkaHttpServer$$anonfun$2.applyOrElse(AkkaHttpServer.scala:310)
	at play.core.server.AkkaHttpServer$$anonfun$2.applyOrElse(AkkaHttpServer.scala:308)
	at scala.concurrent.Future.$anonfun$recoverWith$1(Future.scala:414)
	at scala.concurrent.impl.Promise.$anonfun$transformWith$1(Promise.scala:37)
	at scala.concurrent.impl.CallbackRunnable.run(Promise.scala:60)
	at akka.dispatch.BatchingExecutor$AbstractBatch.processBatch(BatchingExecutor.scala:55)
	at akka.dispatch.BatchingExecutor$BlockableBatch.$anonfun$run$1(BatchingExecutor.scala:91)
	at scala.runtime.java8.JFunction0$mcV$sp.apply(JFunction0$mcV$sp.java:12)
	at scala.concurrent.BlockContext$.withBlockContext(BlockContext.scala:81)
	at akka.dispatch.BatchingExecutor$BlockableBatch.run(BatchingExecutor.scala:91)
	at akka.dispatch.TaskInvocation.run(AbstractDispatcher.scala:40)
	at akka.dispatch.ForkJoinExecutorConfigurator$AkkaForkJoinTask.exec(ForkJoinExecutorConfigurator.scala:43)
	at akka.dispatch.forkjoin.ForkJoinTask.doExec(ForkJoinTask.java:260)
	at akka.dispatch.forkjoin.ForkJoinPool$WorkQueue.runTask(ForkJoinPool.java:1339)
	at akka.dispatch.forkjoin.ForkJoinPool.runWorker(ForkJoinPool.java:1979)
	at akka.dispatch.forkjoin.ForkJoinWorkerThread.run(ForkJoinWorkerThread.java:107)
Caused by: java.util.concurrent.CompletionException: java.lang.NumberFormatException: For input string: "Appcss.css"
	at java.base/java.util.concurrent.CompletableFuture.encodeThrowable(Unknown Source)
	at java.base/java.util.concurrent.CompletableFuture.uniApplyNow(Unknown Source)
	at java.base/java.util.concurrent.CompletableFuture.uniApplyStage(Unknown Source)
	at java.base/java.util.concurrent.CompletableFuture.thenApplyAsync(Unknown Source)
	at java.base/java.util.concurrent.CompletableFuture.thenApplyAsync(Unknown Source)
	at play.libs.streams.Accumulator$StrictAccumulator.lambda$map$3(Accumulator.java:362)
	at java.base/java.util.function.Function.lambda$andThen$1(Unknown Source)
	at java.base/java.util.function.Function.lambda$andThen$1(Unknown Source)
	at play.libs.streams.Accumulator$StrictAccumulator$1.apply(Accumulator.java:403)
	at play.libs.streams.Accumulator$StrictAccumulator$1.apply(Accumulator.java:400)
	at scala.Function1.$anonfun$andThen$1(Function1.scala:52)
	at scala.Function1.$anonfun$andThen$1(Function1.scala:52)
	at play.api.libs.streams.StrictAccumulator.run(Accumulator.scala:207)
	at play.core.server.AkkaHttpServer.$anonfun$runAction$4(AkkaHttpServer.scala:304)
	at akka.http.scaladsl.util.FastFuture$.strictTransform$1(FastFuture.scala:41)
	at akka.http.scaladsl.util.FastFuture$.$anonfun$transformWith$3(FastFuture.scala:51)
	... 12 common frames omitted
Caused by: java.lang.NumberFormatException: For input string: "Appcss.css"
	at java.base/jdk.internal.math.FloatingDecimal.readJavaFormatString(Unknown Source)
	at java.base/jdk.internal.math.FloatingDecimal.parseDouble(Unknown Source)
	at java.base/java.lang.Double.parseDouble(Unknown Source)
	at twitter.Twitter.getLocationTweets(Twitter.java:151)
	at controllers.HomeController.location(HomeController.java:191)
	at router.Routes$$anonfun$routes$1.$anonfun$applyOrElse$20(Routes.scala:310)
	at play.core.routing.HandlerInvokerFactory$$anon$4.resultCall(HandlerInvoker.scala:137)
	at play.core.routing.HandlerInvokerFactory$JavaActionInvokerFactory$$anon$8$$anon$2$$anon$1.invocation(HandlerInvoker.scala:108)
	at play.core.j.JavaAction$$anon$1.call(JavaAction.scala:88)
	at play.http.DefaultActionCreator$1.call(DefaultActionCreator.java:31)
	at play.core.j.JavaAction.$anonfun$apply$8(JavaAction.scala:138)
	at scala.concurrent.Future$.$anonfun$apply$1(Future.scala:655)
	at scala.util.Success.$anonfun$map$1(Try.scala:251)
	at scala.util.Success.map(Try.scala:209)
	at scala.concurrent.Future.$anonfun$map$1(Future.scala:289)
	at scala.concurrent.impl.Promise.liftedTree1$1(Promise.scala:29)
	at scala.concurrent.impl.Promise.$anonfun$transform$1(Promise.scala:29)
	at scala.concurrent.impl.CallbackRunnable.run(Promise.scala:60)
	at play.core.j.HttpExecutionContext$$anon$2.run(HttpExecutionContext.scala:56)
	at play.api.libs.streams.Execution$trampoline$.execute(Execution.scala:70)
	at play.core.j.HttpExecutionContext.execute(HttpExecutionContext.scala:48)
	at scala.concurrent.impl.CallbackRunnable.executeWithValue(Promise.scala:68)
	at scala.concurrent.impl.Promise$KeptPromise$Kept.onComplete(Promise.scala:368)
	at scala.concurrent.impl.Promise$KeptPromise$Kept.onComplete$(Promise.scala:367)
	at scala.concurrent.impl.Promise$KeptPromise$Successful.onComplete(Promise.scala:375)
	at scala.concurrent.impl.Promise.transform(Promise.scala:29)
	at scala.concurrent.impl.Promise.transform$(Promise.scala:27)
	at scala.concurrent.impl.Promise$KeptPromise$Successful.transform(Promise.scala:375)
	at scala.concurrent.Future.map(Future.scala:289)
	at scala.concurrent.Future.map$(Future.scala:289)
	at scala.concurrent.impl.Promise$KeptPromise$Successful.map(Promise.scala:375)
	at scala.concurrent.Future$.apply(Future.scala:655)
	at play.core.j.JavaAction.apply(JavaAction.scala:138)
	at play.api.mvc.Action.$anonfun$apply$2(Action.scala:96)
	at play.api.libs.streams.StrictAccumulator.$anonfun$mapFuture$4(Accumulator.scala:174)
	at scala.util.Try$.apply(Try.scala:209)
	at play.api.libs.streams.StrictAccumulator.$anonfun$mapFuture$3(Accumulator.scala:174)
	at scala.Function1.$anonfun$andThen$1(Function1.scala:52)
	at scala.Function1.$anonfun$andThen$1(Function1.scala:52)
	at play.api.libs.streams.StrictAccumulator$$anon$1.apply(Accumulator.scala:218)
	at play.api.libs.streams.StrictAccumulator$$anon$1.apply(Accumulator.scala:217)
	... 22 common frames omitted
2018-08-12 00:56:17,075 [INFO] from play.core.server.AkkaHttpServer in pool-5-thread-1 - Stopping server...
2018-08-12 00:56:17,100 [INFO] from application in application-akka.actor.default-dispatcher-3 - ApplicationTimer demo: Stopping application at 2018-08-12T04:56:17.100569800Z after 130s.
